{"C:\\Users\\diego\\Projetos\\front-project\\src\\setupTests.ts": {"path":"C:\\Users\\diego\\Projetos\\front-project\\src\\setupTests.ts","statementMap":{"0":{"start":{"line":8,"column":28},"end":{"line":30,"column":null}},"1":{"start":{"line":10,"column":8},"end":{"line":10,"column":null}},"2":{"start":{"line":14,"column":21},"end":{"line":14,"column":null}},"3":{"start":{"line":15,"column":8},"end":{"line":15,"column":null}},"4":{"start":{"line":19,"column":8},"end":{"line":19,"column":null}},"5":{"start":{"line":23,"column":21},"end":{"line":23,"column":null}},"6":{"start":{"line":24,"column":8},"end":{"line":24,"column":null}},"7":{"start":{"line":28,"column":8},"end":{"line":28,"column":null}},"8":{"start":{"line":32,"column":13},"end":{"line":32,"column":null}},"9":{"start":{"line":34,"column":0},"end":{"line":38,"column":null}},"10":{"start":{"line":35,"column":4},"end":{"line":37,"column":null}},"11":{"start":{"line":40,"column":0},"end":{"line":40,"column":null}},"12":{"start":{"line":40,"column":16},"end":{"line":40,"column":38}},"13":{"start":{"line":41,"column":0},"end":{"line":41,"column":null}},"14":{"start":{"line":41,"column":15},"end":{"line":41,"column":29}}},"fnMap":{"0":{"name":"(anonymous_0)","decl":{"start":{"line":9,"column":24},"end":{"line":9,"column":30}},"loc":{"start":{"line":9,"column":30},"end":{"line":11,"column":5}},"line":9},"1":{"name":"(anonymous_1)","decl":{"start":{"line":13,"column":25},"end":{"line":13,"column":32}},"loc":{"start":{"line":13,"column":48},"end":{"line":16,"column":5}},"line":13},"2":{"name":"(anonymous_2)","decl":{"start":{"line":18,"column":31},"end":{"line":18,"column":37}},"loc":{"start":{"line":18,"column":37},"end":{"line":20,"column":5}},"line":18},"3":{"name":"(anonymous_3)","decl":{"start":{"line":22,"column":24},"end":{"line":22,"column":31}},"loc":{"start":{"line":22,"column":47},"end":{"line":25,"column":5}},"line":22},"4":{"name":"(anonymous_4)","decl":{"start":{"line":27,"column":22},"end":{"line":27,"column":28}},"loc":{"start":{"line":27,"column":28},"end":{"line":29,"column":5}},"line":27},"5":{"name":"(anonymous_5)","decl":{"start":{"line":34,"column":10},"end":{"line":34,"column":null}},"loc":{"start":{"line":35,"column":4},"end":{"line":37,"column":null}},"line":35},"6":{"name":"(anonymous_6)","decl":{"start":{"line":40,"column":10},"end":{"line":40,"column":16}},"loc":{"start":{"line":40,"column":16},"end":{"line":40,"column":38}},"line":40},"7":{"name":"(anonymous_7)","decl":{"start":{"line":41,"column":9},"end":{"line":41,"column":15}},"loc":{"start":{"line":41,"column":15},"end":{"line":41,"column":29}},"line":41}},"branchMap":{},"s":{"0":1,"1":1,"2":1,"3":1,"4":1,"5":1,"6":1,"7":0,"8":1,"9":1,"10":1,"11":1,"12":6,"13":1,"14":1},"f":{"0":1,"1":1,"2":1,"3":1,"4":0,"5":1,"6":6,"7":1},"b":{},"meta":{"lastBranch":0,"lastFunction":8,"lastStatement":15,"seen":{"s:8:28:30:Infinity":0,"f:9:24:9:30":0,"s:10:8:10:Infinity":1,"f:13:25:13:32":1,"s:14:21:14:Infinity":2,"s:15:8:15:Infinity":3,"f:18:31:18:37":2,"s:19:8:19:Infinity":4,"f:22:24:22:31":3,"s:23:21:23:Infinity":5,"s:24:8:24:Infinity":6,"f:27:22:27:28":4,"s:28:8:28:Infinity":7,"s:32:13:32:Infinity":8,"s:34:0:38:Infinity":9,"f:34:10:34:Infinity":5,"s:35:4:37:Infinity":10,"s:40:0:40:Infinity":11,"f:40:10:40:16":6,"s:40:16:40:38":12,"s:41:0:41:Infinity":13,"f:41:9:41:15":7,"s:41:15:41:29":14}}}
,"C:\\Users\\diego\\Projetos\\front-project\\src\\composables\\EditUser.ts": {"path":"C:\\Users\\diego\\Projetos\\front-project\\src\\composables\\EditUser.ts","statementMap":{"0":{"start":{"line":13,"column":4},"end":{"line":13,"column":null}},"1":{"start":{"line":14,"column":4},"end":{"line":14,"column":null}},"2":{"start":{"line":15,"column":4},"end":{"line":15,"column":null}},"3":{"start":{"line":17,"column":4},"end":{"line":30,"column":null}},"4":{"start":{"line":18,"column":8},"end":{"line":18,"column":null}},"5":{"start":{"line":19,"column":8},"end":{"line":19,"column":null}},"6":{"start":{"line":22,"column":8},"end":{"line":22,"column":null}},"7":{"start":{"line":24,"column":8},"end":{"line":24,"column":null}},"8":{"start":{"line":26,"column":8},"end":{"line":26,"column":null}},"9":{"start":{"line":29,"column":8},"end":{"line":29,"column":null}}},"fnMap":{"0":{"name":"editUser","decl":{"start":{"line":7,"column":22},"end":{"line":7,"column":31}},"loc":{"start":{"line":11,"column":51},"end":{"line":31,"column":null}},"line":11}},"branchMap":{"0":{"loc":{"start":{"line":24,"column":27},"end":{"line":24,"column":null}},"type":"cond-expr","locations":[{"start":{"line":24,"column":55},"end":{"line":24,"column":61}},{"start":{"line":24,"column":61},"end":{"line":24,"column":null}}],"line":24}},"s":{"0":2,"1":2,"2":2,"3":2,"4":2,"5":1,"6":1,"7":1,"8":1,"9":2},"f":{"0":2},"b":{"0":[1,0]},"meta":{"lastBranch":1,"lastFunction":1,"lastStatement":10,"seen":{"f:7:22:7:31":0,"s:13:4:13:Infinity":0,"s:14:4:14:Infinity":1,"s:15:4:15:Infinity":2,"s:17:4:30:Infinity":3,"s:18:8:18:Infinity":4,"s:19:8:19:Infinity":5,"s:22:8:22:Infinity":6,"s:24:8:24:Infinity":7,"b:24:55:24:61:24:61:24:Infinity":0,"s:26:8:26:Infinity":8,"s:29:8:29:Infinity":9}}}
,"C:\\Users\\diego\\Projetos\\front-project\\src\\composables\\generateUser.ts": {"path":"C:\\Users\\diego\\Projetos\\front-project\\src\\composables\\generateUser.ts","statementMap":{"0":{"start":{"line":12,"column":4},"end":{"line":12,"column":null}},"1":{"start":{"line":13,"column":4},"end":{"line":13,"column":null}},"2":{"start":{"line":14,"column":4},"end":{"line":22,"column":null}},"3":{"start":{"line":15,"column":8},"end":{"line":15,"column":null}},"4":{"start":{"line":17,"column":8},"end":{"line":17,"column":null}},"5":{"start":{"line":18,"column":8},"end":{"line":18,"column":null}},"6":{"start":{"line":19,"column":8},"end":{"line":19,"column":null}},"7":{"start":{"line":21,"column":8},"end":{"line":21,"column":null}}},"fnMap":{"0":{"name":"generateUser","decl":{"start":{"line":7,"column":22},"end":{"line":7,"column":35}},"loc":{"start":{"line":11,"column":17},"end":{"line":23,"column":null}},"line":11},"1":{"name":"(anonymous_1)","decl":{"start":{"line":14,"column":47},"end":{"line":14,"column":53}},"loc":{"start":{"line":14,"column":53},"end":{"line":16,"column":5}},"line":14},"2":{"name":"(anonymous_2)","decl":{"start":{"line":16,"column":13},"end":{"line":16,"column":14}},"loc":{"start":{"line":16,"column":44},"end":{"line":20,"column":5}},"line":16},"3":{"name":"(anonymous_3)","decl":{"start":{"line":20,"column":15},"end":{"line":20,"column":21}},"loc":{"start":{"line":20,"column":21},"end":{"line":22,"column":5}},"line":20}},"branchMap":{"0":{"loc":{"start":{"line":18,"column":27},"end":{"line":18,"column":null}},"type":"cond-expr","locations":[{"start":{"line":18,"column":55},"end":{"line":18,"column":61}},{"start":{"line":18,"column":61},"end":{"line":18,"column":null}}],"line":18}},"s":{"0":2,"1":2,"2":2,"3":1,"4":1,"5":1,"6":1,"7":2},"f":{"0":2,"1":1,"2":1,"3":2},"b":{"0":[1,0]},"meta":{"lastBranch":1,"lastFunction":4,"lastStatement":8,"seen":{"f:7:22:7:35":0,"s:12:4:12:Infinity":0,"s:13:4:13:Infinity":1,"s:14:4:22:Infinity":2,"f:14:47:14:53":1,"s:15:8:15:Infinity":3,"f:16:13:16:14":2,"s:17:8:17:Infinity":4,"s:18:8:18:Infinity":5,"b:18:55:18:61:18:61:18:Infinity":0,"s:19:8:19:Infinity":6,"f:20:15:20:21":3,"s:21:8:21:Infinity":7}}}
,"C:\\Users\\diego\\Projetos\\front-project\\src\\composables\\getUsers.ts": {"path":"C:\\Users\\diego\\Projetos\\front-project\\src\\composables\\getUsers.ts","statementMap":{"0":{"start":{"line":16,"column":10},"end":{"line":16,"column":null}},"1":{"start":{"line":17,"column":10},"end":{"line":17,"column":null}},"2":{"start":{"line":18,"column":10},"end":{"line":18,"column":null}},"3":{"start":{"line":19,"column":10},"end":{"line":19,"column":null}},"4":{"start":{"line":22,"column":8},"end":{"line":22,"column":null}},"5":{"start":{"line":23,"column":8},"end":{"line":23,"column":null}},"6":{"start":{"line":25,"column":8},"end":{"line":35,"column":null}},"7":{"start":{"line":26,"column":29},"end":{"line":26,"column":null}},"8":{"start":{"line":27,"column":12},"end":{"line":27,"column":null}},"9":{"start":{"line":28,"column":12},"end":{"line":28,"column":null}},"10":{"start":{"line":30,"column":12},"end":{"line":30,"column":null}},"11":{"start":{"line":31,"column":12},"end":{"line":31,"column":null}},"12":{"start":{"line":32,"column":12},"end":{"line":32,"column":null}},"13":{"start":{"line":34,"column":12},"end":{"line":34,"column":null}},"14":{"start":{"line":38,"column":4},"end":{"line":38,"column":null}}},"fnMap":{"0":{"name":"getUsers","decl":{"start":{"line":15,"column":16},"end":{"line":15,"column":44}},"loc":{"start":{"line":15,"column":44},"end":{"line":39,"column":null}},"line":15},"1":{"name":"fetchUsers","decl":{"start":{"line":21,"column":19},"end":{"line":21,"column":47}},"loc":{"start":{"line":21,"column":47},"end":{"line":36,"column":null}},"line":21}},"branchMap":{"0":{"loc":{"start":{"line":31,"column":31},"end":{"line":31,"column":null}},"type":"cond-expr","locations":[{"start":{"line":31,"column":57},"end":{"line":31,"column":63}},{"start":{"line":31,"column":63},"end":{"line":31,"column":null}}],"line":31}},"s":{"0":2,"1":2,"2":2,"3":2,"4":2,"5":2,"6":2,"7":2,"8":1,"9":1,"10":1,"11":1,"12":1,"13":2,"14":2},"f":{"0":2,"1":2},"b":{"0":[1,0]},"meta":{"lastBranch":1,"lastFunction":2,"lastStatement":15,"seen":{"f:15:16:15:44":0,"s:16:10:16:Infinity":0,"s:17:10:17:Infinity":1,"s:18:10:18:Infinity":2,"s:19:10:19:Infinity":3,"f:21:19:21:47":1,"s:22:8:22:Infinity":4,"s:23:8:23:Infinity":5,"s:25:8:35:Infinity":6,"s:26:29:26:Infinity":7,"s:27:12:27:Infinity":8,"s:28:12:28:Infinity":9,"s:30:12:30:Infinity":10,"s:31:12:31:Infinity":11,"b:31:57:31:63:31:63:31:Infinity":0,"s:32:12:32:Infinity":12,"s:34:12:34:Infinity":13,"s:38:4:38:Infinity":14}}}
,"C:\\Users\\diego\\Projetos\\front-project\\src\\composables\\logRequestError.ts": {"path":"C:\\Users\\diego\\Projetos\\front-project\\src\\composables\\logRequestError.ts","statementMap":{"0":{"start":{"line":4,"column":4},"end":{"line":4,"column":null}}},"fnMap":{"0":{"name":"logRequestError","decl":{"start":{"line":3,"column":24},"end":{"line":3,"column":40}},"loc":{"start":{"line":3,"column":93},"end":{"line":5,"column":null}},"line":3}},"branchMap":{"0":{"loc":{"start":{"line":4,"column":50},"end":{"line":4,"column":98}},"type":"cond-expr","locations":[{"start":{"line":4,"column":73},"end":{"line":4,"column":87}},{"start":{"line":4,"column":87},"end":{"line":4,"column":98}}],"line":4}},"s":{"0":4},"f":{"0":4},"b":{"0":[4,0]},"meta":{"lastBranch":1,"lastFunction":1,"lastStatement":1,"seen":{"f:3:24:3:40":0,"s:4:4:4:Infinity":0,"b:4:73:4:87:4:87:4:98":0}}}
,"C:\\Users\\diego\\Projetos\\front-project\\src\\composables\\removeUser.ts": {"path":"C:\\Users\\diego\\Projetos\\front-project\\src\\composables\\removeUser.ts","statementMap":{"0":{"start":{"line":8,"column":4},"end":{"line":21,"column":null}},"1":{"start":{"line":9,"column":8},"end":{"line":9,"column":null}},"2":{"start":{"line":10,"column":8},"end":{"line":10,"column":null}},"3":{"start":{"line":11,"column":8},"end":{"line":11,"column":null}},"4":{"start":{"line":13,"column":8},"end":{"line":13,"column":null}},"5":{"start":{"line":14,"column":8},"end":{"line":14,"column":null}},"6":{"start":{"line":16,"column":8},"end":{"line":16,"column":null}},"7":{"start":{"line":17,"column":8},"end":{"line":17,"column":null}},"8":{"start":{"line":18,"column":8},"end":{"line":18,"column":null}},"9":{"start":{"line":20,"column":8},"end":{"line":20,"column":null}}},"fnMap":{"0":{"name":"removeUser","decl":{"start":{"line":6,"column":22},"end":{"line":6,"column":33}},"loc":{"start":{"line":6,"column":169},"end":{"line":22,"column":null}},"line":6}},"branchMap":{"0":{"loc":{"start":{"line":17,"column":27},"end":{"line":17,"column":null}},"type":"cond-expr","locations":[{"start":{"line":17,"column":55},"end":{"line":17,"column":61}},{"start":{"line":17,"column":61},"end":{"line":17,"column":null}}],"line":17}},"s":{"0":2,"1":2,"2":2,"3":2,"4":2,"5":1,"6":1,"7":1,"8":1,"9":2},"f":{"0":2},"b":{"0":[1,0]},"meta":{"lastBranch":1,"lastFunction":1,"lastStatement":10,"seen":{"f:6:22:6:33":0,"s:8:4:21:Infinity":0,"s:9:8:9:Infinity":1,"s:10:8:10:Infinity":2,"s:11:8:11:Infinity":3,"s:13:8:13:Infinity":4,"s:14:8:14:Infinity":5,"s:16:8:16:Infinity":6,"s:17:8:17:Infinity":7,"b:17:55:17:61:17:61:17:Infinity":0,"s:18:8:18:Infinity":8,"s:20:8:20:Infinity":9}}}
,"C:\\Users\\diego\\Projetos\\front-project\\src\\constants\\appConstants.ts": {"path":"C:\\Users\\diego\\Projetos\\front-project\\src\\constants\\appConstants.ts","statementMap":{"0":{"start":{"line":1,"column":27},"end":{"line":10,"column":null}},"1":{"start":{"line":12,"column":26},"end":{"line":12,"column":null}},"2":{"start":{"line":14,"column":28},"end":{"line":14,"column":null}},"3":{"start":{"line":16,"column":25},"end":{"line":16,"column":null}},"4":{"start":{"line":18,"column":25},"end":{"line":18,"column":null}},"5":{"start":{"line":20,"column":32},"end":{"line":20,"column":null}},"6":{"start":{"line":22,"column":32},"end":{"line":22,"column":null}},"7":{"start":{"line":24,"column":32},"end":{"line":24,"column":null}},"8":{"start":{"line":26,"column":33},"end":{"line":26,"column":null}},"9":{"start":{"line":28,"column":29},"end":{"line":28,"column":null}}},"fnMap":{},"branchMap":{},"s":{"0":5,"1":5,"2":5,"3":5,"4":5,"5":5,"6":5,"7":5,"8":5,"9":5},"f":{},"b":{},"meta":{"lastBranch":0,"lastFunction":0,"lastStatement":10,"seen":{"s:1:27:10:Infinity":0,"s:12:26:12:Infinity":1,"s:14:28:14:Infinity":2,"s:16:25:16:Infinity":3,"s:18:25:18:Infinity":4,"s:20:32:20:Infinity":5,"s:22:32:22:Infinity":6,"s:24:32:24:Infinity":7,"s:26:33:26:Infinity":8,"s:28:29:28:Infinity":9}}}
,"C:\\Users\\diego\\Projetos\\front-project\\src\\services\\userApi.ts": {"path":"C:\\Users\\diego\\Projetos\\front-project\\src\\services\\userApi.ts","statementMap":{"0":{"start":{"line":5,"column":16},"end":{"line":5,"column":null}},"1":{"start":{"line":6,"column":27},"end":{"line":6,"column":null}},"2":{"start":{"line":8,"column":0},"end":{"line":23,"column":null}},"3":{"start":{"line":9,"column":33},"end":{"line":9,"column":null}},"4":{"start":{"line":11,"column":8},"end":{"line":20,"column":null}},"5":{"start":{"line":12,"column":31},"end":{"line":12,"column":null}},"6":{"start":{"line":13,"column":12},"end":{"line":17,"column":null}},"7":{"start":{"line":14,"column":16},"end":{"line":14,"column":null}},"8":{"start":{"line":15,"column":12},"end":{"line":17,"column":null}},"9":{"start":{"line":16,"column":16},"end":{"line":16,"column":null}},"10":{"start":{"line":19,"column":12},"end":{"line":19,"column":null}},"11":{"start":{"line":21,"column":8},"end":{"line":21,"column":null}},"12":{"start":{"line":32,"column":40},"end":{"line":46,"column":null}},"13":{"start":{"line":34,"column":8},"end":{"line":34,"column":null}},"14":{"start":{"line":37,"column":8},"end":{"line":37,"column":null}},"15":{"start":{"line":40,"column":8},"end":{"line":40,"column":null}},"16":{"start":{"line":43,"column":8},"end":{"line":43,"column":null}}},"fnMap":{"0":{"name":"(anonymous_0)","decl":{"start":{"line":9,"column":4},"end":{"line":9,"column":5}},"loc":{"start":{"line":9,"column":33},"end":{"line":9,"column":null}},"line":9},"1":{"name":"(anonymous_1)","decl":{"start":{"line":10,"column":4},"end":{"line":10,"column":5}},"loc":{"start":{"line":10,"column":27},"end":{"line":22,"column":null}},"line":10},"2":{"name":"(anonymous_2)","decl":{"start":{"line":33,"column":4},"end":{"line":33,"column":15}},"loc":{"start":{"line":33,"column":15},"end":{"line":35,"column":null}},"line":33},"3":{"name":"(anonymous_3)","decl":{"start":{"line":36,"column":4},"end":{"line":36,"column":15}},"loc":{"start":{"line":36,"column":40},"end":{"line":38,"column":null}},"line":36},"4":{"name":"(anonymous_4)","decl":{"start":{"line":39,"column":4},"end":{"line":39,"column":15}},"loc":{"start":{"line":39,"column":27},"end":{"line":41,"column":null}},"line":39},"5":{"name":"(anonymous_5)","decl":{"start":{"line":42,"column":4},"end":{"line":42,"column":15}},"loc":{"start":{"line":42,"column":40},"end":{"line":44,"column":null}},"line":42}},"branchMap":{"0":{"loc":{"start":{"line":11,"column":8},"end":{"line":20,"column":null}},"type":"if","locations":[{"start":{"line":11,"column":8},"end":{"line":20,"column":null}},{"start":{"line":18,"column":15},"end":{"line":20,"column":null}}],"line":11},"1":{"loc":{"start":{"line":13,"column":12},"end":{"line":17,"column":null}},"type":"if","locations":[{"start":{"line":13,"column":12},"end":{"line":17,"column":null}},{"start":{"line":15,"column":12},"end":{"line":17,"column":null}}],"line":13},"2":{"loc":{"start":{"line":15,"column":12},"end":{"line":17,"column":null}},"type":"if","locations":[{"start":{"line":15,"column":12},"end":{"line":17,"column":null}},{"start":{},"end":{}}],"line":15}},"s":{"0":5,"1":5,"2":5,"3":4,"4":2,"5":2,"6":2,"7":1,"8":1,"9":1,"10":0,"11":2,"12":5,"13":1,"14":3,"15":1,"16":1},"f":{"0":4,"1":2,"2":1,"3":3,"4":1,"5":1},"b":{"0":[2,0],"1":[1,1],"2":[1,0]},"meta":{"lastBranch":3,"lastFunction":6,"lastStatement":17,"seen":{"s:5:16:5:Infinity":0,"s:6:27:6:Infinity":1,"s:8:0:23:Infinity":2,"f:9:4:9:5":0,"s:9:33:9:Infinity":3,"f:10:4:10:5":1,"b:11:8:20:Infinity:18:15:20:Infinity":0,"s:11:8:20:Infinity":4,"s:12:31:12:Infinity":5,"b:13:12:17:Infinity:15:12:17:Infinity":1,"s:13:12:17:Infinity":6,"s:14:16:14:Infinity":7,"b:15:12:17:Infinity:undefined:undefined:undefined:undefined":2,"s:15:12:17:Infinity":8,"s:16:16:16:Infinity":9,"s:19:12:19:Infinity":10,"s:21:8:21:Infinity":11,"s:32:40:46:Infinity":12,"f:33:4:33:15":2,"s:34:8:34:Infinity":13,"f:36:4:36:15":3,"s:37:8:37:Infinity":14,"f:39:4:39:15":4,"s:40:8:40:Infinity":15,"f:42:4:42:15":5,"s:43:8:43:Infinity":16}}}
,"C:\\Users\\diego\\Projetos\\front-project\\tests\\helper\\mockResponse.ts": {"path":"C:\\Users\\diego\\Projetos\\front-project\\tests\\helper\\mockResponse.ts","statementMap":{"0":{"start":{"line":7,"column":58},"end":{"line":10,"column":null}},"1":{"start":{"line":12,"column":56},"end":{"line":17,"column":null}},"2":{"start":{"line":19,"column":56},"end":{"line":23,"column":null}}},"fnMap":{},"branchMap":{},"s":{"0":4,"1":4,"2":4},"f":{},"b":{},"meta":{"lastBranch":0,"lastFunction":0,"lastStatement":3,"seen":{"s:7:58:10:Infinity":0,"s:12:56:17:Infinity":1,"s:19:56:23:Infinity":2}}}
}
